<?xml version="1.0" encoding="UTF-8"?>
<!-- Generated by org.testng.reporters.JUnitReportReporter -->
<testsuite skipped="0" hostname="ONLY4GAMING" name="com.gmail.tests.HomePageTest" tests="1" failures="0" timestamp="17 Aug 2020 12:14:54 GMT" time="14.389" errors="0">
  <testcase name="NavigateAcademics" time="14.389" classname="com.gmail.tests.HomePageTest"/>
</testsuite> <!-- com.gmail.tests.HomePageTest -->
