<?xml version="1.0" encoding="UTF-8"?>
<!-- Generated by org.testng.reporters.JUnitReportReporter -->
<testsuite skipped="0" hostname="ONLY4GAMING" name="com.gmail.tests.HomePageTest" tests="1" failures="0" timestamp="12 Aug 2020 04:37:41 GMT" time="44.061" errors="0">
  <testcase name="NavigateAcademics" time="44.061" classname="com.gmail.tests.HomePageTest"/>
</testsuite> <!-- com.gmail.tests.HomePageTest -->
